2018-06-07 18:28:55,508 INFO  [org.jboss.modules] (main) JBoss Modules version 1.4.3.Final
2018-06-07 18:28:55,736 INFO  [org.jboss.msc] (main) JBoss MSC version 1.2.6.Final
2018-06-07 18:28:55,840 INFO  [org.jboss.as] (MSC service thread 1-7) WFLYSRV0049: WildFly Full 9.0.2.Final (WildFly Core 1.0.2.Final) starting
2018-06-07 18:28:55,844 DEBUG [org.jboss.as.config] (MSC service thread 1-7) Configured system properties:
	[Standalone] = 
	awt.toolkit = sun.awt.X11.XToolkit
	db.host = DB-UNDERWRITING
	db.instance = solife
	db.password = <redacted>
	db.port = 1521
	db.user = UW_AXA
	file.encoding = UTF-8
	file.encoding.pkg = sun.io
	file.separator = /
	java.awt.graphicsenv = sun.awt.X11GraphicsEnvironment
	java.awt.printerjob = sun.print.PSPrinterJob
	java.class.path = /opt/wildfly/current//jboss-modules.jar
	java.class.version = 51.0
	java.endorsed.dirs = /opt/java/jdk1.7.0_80/jre/lib/endorsed
	java.ext.dirs = /opt/java/jdk1.7.0_80/jre/lib/ext:/usr/java/packages/lib/ext
	java.home = /opt/java/jdk1.7.0_80/jre
	java.io.tmpdir = /tmp
	java.library.path = /usr/java/packages/lib/amd64:/usr/lib64:/lib64:/lib:/usr/lib
	java.runtime.name = Java(TM) SE Runtime Environment
	java.runtime.version = 1.7.0_80-b15
	java.specification.name = Java Platform API Specification
	java.specification.vendor = Oracle Corporation
	java.specification.version = 1.7
	java.util.logging.manager = org.jboss.logmanager.LogManager
	java.vendor = Oracle Corporation
	java.vendor.url = http://java.oracle.com/
	java.vendor.url.bug = http://bugreport.sun.com/bugreport/
	java.version = 1.7.0_80
	java.vm.info = mixed mode
	java.vm.name = Java HotSpot(TM) 64-Bit Server VM
	java.vm.specification.name = Java Virtual Machine Specification
	java.vm.specification.vendor = Oracle Corporation
	java.vm.specification.version = 1.7
	java.vm.vendor = Oracle Corporation
	java.vm.version = 24.80-b11
	javax.management.builder.initial = org.jboss.as.jmx.PluggableMBeanServerBuilder
	javax.xml.datatype.DatatypeFactory = __redirected.__DatatypeFactory
	javax.xml.parsers.DocumentBuilderFactory = __redirected.__DocumentBuilderFactory
	javax.xml.parsers.SAXParserFactory = __redirected.__SAXParserFactory
	javax.xml.stream.XMLEventFactory = __redirected.__XMLEventFactory
	javax.xml.stream.XMLInputFactory = __redirected.__XMLInputFactory
	javax.xml.stream.XMLOutputFactory = __redirected.__XMLOutputFactory
	javax.xml.transform.TransformerFactory = __redirected.__TransformerFactory
	javax.xml.validation.SchemaFactory:http://www.w3.org/2001/XMLSchema = __redirected.__SchemaFactory
	javax.xml.xpath.XPathFactory:http://java.sun.com/jaxp/xpath/dom = __redirected.__XPathFactory
	jboss.ajp.port = 8009
	jboss.bind.address = 0.0.0.0
	jboss.home.dir = /opt/wildfly/current
	jboss.host.name = pprd-components
	jboss.http.port = 8080
	jboss.https.port = 8443
	jboss.management.http.port = 9990
	jboss.management.https.port = 9993
	jboss.management.messaging-throughput.port = 5455
	jboss.management.messaging.port = 5445
	jboss.management.remoting.port = 4447
	jboss.management.txn-recovery-environment.port = 4712
	jboss.management.txn-status-manager.port = 4713
	jboss.modules.dir = /opt/wildfly/current/modules
	jboss.node.name = pprd-components
	jboss.qualified.host.name = pprd-components
	jboss.server.base.dir = /opt/underwriting/runtime/home/current
	jboss.server.config.dir = /opt/underwriting/runtime/home/current/configuration
	jboss.server.data.dir = /opt/underwriting/runtime/home/current/data
	jboss.server.deploy.dir = /opt/underwriting/runtime/home/current/data/content
	jboss.server.log.dir = /opt/underwriting/runtime/log
	jboss.server.name = pprd-components
	jboss.server.persist.config = true
	jboss.server.temp.dir = /opt/underwriting/runtime/home/current/tmp
	jboss.socket.binding.port-offset = 30000
	line.separator = 

	logging.configuration = file:/opt/underwriting/runtime/home/2.1.11/configuration/logging.properties
	mode = development
	module.path = /opt/wildfly/current//modules:/opt/underwriting/runtime/home/current/modules
	org.jboss.boot.log.file = /opt/underwriting/runtime/log/server.log
	org.jboss.resolver.warning = true
	org.xml.sax.driver = __redirected.__XMLReaderFactory
	os.arch = amd64
	os.name = Linux
	os.version = 3.10.0-693.2.2.el7.x86_64
	path.separator = :
	remoting.port = 4447
	sun.arch.data.model = 64
	sun.boot.class.path = /opt/java/jdk1.7.0_80/jre/lib/resources.jar:/opt/java/jdk1.7.0_80/jre/lib/rt.jar:/opt/java/jdk1.7.0_80/jre/lib/sunrsasign.jar:/opt/java/jdk1.7.0_80/jre/lib/jsse.jar:/opt/java/jdk1.7.0_80/jre/lib/jce.jar:/opt/java/jdk1.7.0_80/jre/lib/charsets.jar:/opt/java/jdk1.7.0_80/jre/lib/jfr.jar:/opt/java/jdk1.7.0_80/jre/classes
	sun.boot.library.path = /opt/java/jdk1.7.0_80/jre/lib/amd64
	sun.cpu.endian = little
	sun.cpu.isalist = 
	sun.io.unicode.encoding = UnicodeLittle
	sun.java.command = /opt/wildfly/current//jboss-modules.jar -mp /opt/wildfly/current//modules:/opt/underwriting/runtime/home/current/modules org.jboss.as.standalone -Djboss.home.dir=/opt/wildfly/current/ -Djboss.server.base.dir=/opt/underwriting/runtime/home/2.1.11 -Dmode=development -b 0.0.0.0 -Djboss.server.base.dir=/opt/underwriting/runtime/home/current -P=/opt/underwriting/runtime/home/current/config/component.properties -c component.xml -Djboss.server.log.dir=/opt/underwriting/runtime/log
	sun.java.launcher = SUN_STANDARD
	sun.jnu.encoding = UTF-8
	sun.management.compiler = HotSpot 64-Bit Tiered Compilers
	sun.os.patch.level = unknown
	user.country = FR
	user.dir = /etc/rc.d/init.d
	user.home = /home/uw
	user.language = fr
	user.name = uw
	user.timezone = Europe/Paris
2018-06-07 18:28:55,847 DEBUG [org.jboss.as.config] (MSC service thread 1-7) VM Arguments: -D[Standalone] -XX:+UseCompressedOops -XX:+UseCompressedOops -XX:MaxPermSize=512M -Xms2048M -Xmx2048M -Xloggc:/opt/underwriting/runtime/log/uw_gc.log -XX:+UseGCLogFileRotation -XX:NumberOfGCLogFiles=20 -XX:GCLogFileSize=1g -XX:+PrintGCDateStamps -XX:+PrintGCDetails -XX:+PrintTenuringDistribution -Dorg.jboss.boot.log.file=/opt/underwriting/runtime/log/server.log -Dlogging.configuration=file:/opt/underwriting/runtime/home/2.1.11/configuration/logging.properties 
2018-06-07 18:28:57,291 INFO  [org.jboss.as.controller.management-deprecated] (ServerService Thread Pool -- 16) WFLYCTL0028: Attribute 'job-repository-type' in the resource at address '/subsystem=batch' is deprecated, and may be removed in future version. See the attribute description in the output of the read-resource-description operation to learn more about the deprecation.
2018-06-07 18:28:57,293 INFO  [org.jboss.as.controller.management-deprecated] (ServerService Thread Pool -- 14) WFLYCTL0028: Attribute 'enabled' in the resource at address '/subsystem=datasources/data-source=UWRT_NonXA_DataSource' is deprecated, and may be removed in future version. See the attribute description in the output of the read-resource-description operation to learn more about the deprecation.
2018-06-07 18:28:57,383 INFO  [org.jboss.as.controller.management-deprecated] (ServerService Thread Pool -- 14) WFLYCTL0028: Attribute 'enabled' in the resource at address '/subsystem=datasources/data-source=UWRT_NonXA_securityStore' is deprecated, and may be removed in future version. See the attribute description in the output of the read-resource-description operation to learn more about the deprecation.
2018-06-07 18:28:57,386 INFO  [org.jboss.as.controller.management-deprecated] (ServerService Thread Pool -- 14) WFLYCTL0028: Attribute 'enabled' in the resource at address '/subsystem=datasources/xa-data-source=UWRT_DataSource' is deprecated, and may be removed in future version. See the attribute description in the output of the read-resource-description operation to learn more about the deprecation.
2018-06-07 18:28:57,390 INFO  [org.jboss.as.controller.management-deprecated] (ServerService Thread Pool -- 14) WFLYCTL0028: Attribute 'enabled' in the resource at address '/subsystem=datasources/xa-data-source=UWRT_securityStore' is deprecated, and may be removed in future version. See the attribute description in the output of the read-resource-description operation to learn more about the deprecation.
2018-06-07 18:28:59,358 INFO  [org.jboss.as.repository] (ServerService Thread Pool -- 10) WFLYDR0001: Content added at location /opt/underwriting/runtime/home/current/data/content/8c/971e2ac121fc4c66eab2bd508f3b67c63acfc5/content
2018-06-07 18:28:59,386 INFO  [org.jboss.as.server] (Controller Boot Thread) WFLYSRV0039: Creating http management service using socket-binding (management-http)
2018-06-07 18:28:59,425 INFO  [org.xnio] (MSC service thread 1-2) XNIO version 3.3.1.Final
2018-06-07 18:28:59,436 INFO  [org.xnio.nio] (MSC service thread 1-2) XNIO NIO Implementation Version 3.3.1.Final
18:28:59,489 INFO  [org.jboss.remoting] (MSC service thread 1-2) JBoss Remoting version 4.0.9.Final
18:28:59,506 INFO  [org.jboss.as.clustering.infinispan] (ServerService Thread Pool -- 39) WFLYCLINF0001: Activating Infinispan subsystem.
18:28:59,571 INFO  [org.jboss.as.security] (ServerService Thread Pool -- 55) WFLYSEC0002: Activating Security Subsystem
18:28:59,559 INFO  [org.jboss.as.jsf] (ServerService Thread Pool -- 46) WFLYJSF0007: Activated the following JSF Implementations: [main]
18:28:59,554 INFO  [org.jboss.as.naming] (ServerService Thread Pool -- 49) WFLYNAM0001: Activating Naming Subsystem
18:28:59,525 WARN  [org.jboss.as.jacorb] (ServerService Thread Pool -- 40) WFLYORB0133: JacORB is not used as an ORB implementation anymore. JacORB subsystem would be emulated using the current OpenJDK ORB implementation. Ability to emulate legacy JacORB configurations using OpenJDK ORB will be removed in future.
18:28:59,595 WARN  [org.jboss.as.txn] (ServerService Thread Pool -- 56) WFLYTX0013: Node identifier property is set to the default value. Please make sure it is unique.
18:28:59,585 INFO  [org.wildfly.extension.io] (ServerService Thread Pool -- 38) WFLYIO001: Worker 'default' has auto-configured to 24 core threads with 192 task threads based on your 12 available processors
18:28:59,603 INFO  [org.jboss.as.webservices] (ServerService Thread Pool -- 58) WFLYWS0002: Activating WebServices Extension
18:28:59,632 INFO  [org.jboss.as.security] (MSC service thread 1-2) WFLYSEC0001: Current PicketBox version=4.9.2.Final
18:28:59,700 INFO  [org.wildfly.iiop.openjdk] (ServerService Thread Pool -- 40) WFLYIIOP0001: Activating IIOP Subsystem
18:28:59,728 INFO  [org.jboss.as.connector] (MSC service thread 1-7) WFLYJCA0009: Starting JCA Subsystem (IronJacamar 1.2.5.Final)
18:28:59,768 INFO  [org.jboss.as.mail.extension] (MSC service thread 1-5) WFLYMAIL0001: Bound mail session [java:jboss/mail/Default]
18:28:59,775 INFO  [org.jboss.as.naming] (MSC service thread 1-4) WFLYNAM0003: Starting Naming Service
18:28:59,830 INFO  [org.wildfly.extension.undertow] (ServerService Thread Pool -- 57) WFLYUT0003: Undertow 1.2.9.Final starting
18:28:59,839 INFO  [org.wildfly.extension.undertow] (MSC service thread 1-7) WFLYUT0003: Undertow 1.2.9.Final starting
18:29:00,090 INFO  [org.jboss.as.connector.subsystems.datasources] (ServerService Thread Pool -- 34) WFLYJCA0004: Deploying JDBC-compliant driver class oracle.jdbc.driver.OracleDriver (version 12.1)
18:29:00,097 INFO  [org.jboss.as.connector.deployers.jdbc] (MSC service thread 1-3) WFLYJCA0018: Started Driver service with driver-name = Oracle12cDriver
18:29:00,116 INFO  [org.jboss.as.remoting] (MSC service thread 1-2) WFLYRMT0001: Listening on [::]:34447
18:29:00,166 INFO  [org.wildfly.extension.undertow] (ServerService Thread Pool -- 57) WFLYUT0014: Creating file handler for path /opt/wildfly/current/welcome-content
18:29:00,207 INFO  [org.wildfly.extension.undertow] (MSC service thread 1-1) WFLYUT0012: Started server default-server.
18:29:00,224 INFO  [org.wildfly.extension.undertow] (MSC service thread 1-7) WFLYUT0018: Host default-host starting
18:29:00,309 INFO  [org.wildfly.extension.undertow] (MSC service thread 1-1) WFLYUT0006: Undertow HTTP listener default listening on /0:0:0:0:0:0:0:0:38080
18:29:00,455 INFO  [org.jboss.as.connector.subsystems.datasources.AbstractDataSourceService$AS7DataSourceDeployer] (MSC service thread 1-4) IJ020018: Enabling <validate-on-match> for java:/UWRT_securityStore
18:29:00,454 INFO  [org.jboss.as.connector.subsystems.datasources.AbstractDataSourceService$AS7DataSourceDeployer] (MSC service thread 1-7) IJ020018: Enabling <validate-on-match> for java:/UWRT_DataSource
18:29:00,454 INFO  [org.jboss.as.connector.subsystems.datasources.AbstractDataSourceService$AS7DataSourceDeployer] (MSC service thread 1-6) IJ020018: Enabling <validate-on-match> for java:/UWRT_NonXA_DataSource
18:29:00,455 INFO  [org.jboss.as.connector.subsystems.datasources.AbstractDataSourceService$AS7DataSourceDeployer] (MSC service thread 1-3) IJ020018: Enabling <validate-on-match> for java:/UWRT_NonXA_securityStore
18:29:00,500 WARN  [org.jboss.as.connector.subsystems.datasources.AbstractDataSourceService$AS7DataSourceDeployer] (MSC service thread 1-4) IJ020016: Missing <recovery> element. XA recovery disabled for: java:/UWRT_securityStore
18:29:00,501 WARN  [org.jboss.as.connector.subsystems.datasources.AbstractDataSourceService$AS7DataSourceDeployer] (MSC service thread 1-7) IJ020016: Missing <recovery> element. XA recovery disabled for: java:/UWRT_DataSource
18:29:00,502 INFO  [org.jboss.as.connector.subsystems.datasources] (MSC service thread 1-3) WFLYJCA0001: Bound data source [java:/UWRT_NonXA_DataSource]
18:29:00,503 INFO  [org.jboss.as.connector.subsystems.datasources] (MSC service thread 1-3) WFLYJCA0001: Bound data source [java:/UWRT_DataSource]
18:29:00,504 INFO  [org.jboss.as.connector.subsystems.datasources] (MSC service thread 1-3) WFLYJCA0001: Bound data source [java:/UWRT_securityStore]
18:29:00,504 INFO  [org.jboss.as.connector.subsystems.datasources] (MSC service thread 1-8) WFLYJCA0001: Bound data source [java:/UWRT_NonXA_securityStore]
18:29:00,528 INFO  [org.wildfly.iiop.openjdk] (MSC service thread 1-5) WFLYIIOP0009: CORBA ORB Service started
18:29:00,623 INFO  [org.jboss.as.server.deployment.scanner] (MSC service thread 1-7) WFLYDS0013: Started FileSystemDeploymentService for directory /opt/underwriting/runtime/home/current/deployments
18:29:00,640 INFO  [org.jboss.as.server.deployment] (MSC service thread 1-6) WFLYSRV0027: Starting deployment of "UWRT.ear" (runtime-name: "UWRT.ear")
18:29:00,747 INFO  [org.hornetq.core.server] (ServerService Thread Pool -- 60) HQ221000: live server is starting with configuration HornetQ Configuration (clustered=false,backup=false,sharedStore=true,journalDirectory=/opt/underwriting/runtime/home/current/data/messagingjournal,bindingsDirectory=/opt/underwriting/runtime/home/current/data/messagingbindings,largeMessagesDirectory=/opt/underwriting/runtime/home/current/data/messaginglargemessages,pagingDirectory=/opt/underwriting/runtime/home/current/data/messagingpaging)
18:29:00,749 INFO  [org.hornetq.core.server] (ServerService Thread Pool -- 60) HQ221006: Waiting to obtain live lock
18:29:00,754 INFO  [org.jboss.ws.common.management] (MSC service thread 1-8) JBWS022052: Starting JBoss Web Services - Stack CXF Server 5.0.0.Final
18:29:00,777 INFO  [org.hornetq.core.server] (ServerService Thread Pool -- 60) HQ221012: Using AIO Journal
18:29:00,833 INFO  [org.hornetq.core.server] (ServerService Thread Pool -- 60) HQ221043: Adding protocol support CORE
18:29:00,841 INFO  [org.hornetq.core.server] (ServerService Thread Pool -- 60) HQ221043: Adding protocol support AMQP
18:29:00,845 INFO  [org.hornetq.core.server] (ServerService Thread Pool -- 60) HQ221043: Adding protocol support STOMP
18:29:00,881 INFO  [org.hornetq.core.server] (ServerService Thread Pool -- 60) HQ221034: Waiting to obtain live lock
18:29:00,881 INFO  [org.hornetq.core.server] (ServerService Thread Pool -- 60) HQ221035: Live Server Obtained live lock
18:29:01,029 INFO  [org.jboss.messaging] (MSC service thread 1-7) WFLYMSG0016: Registered HTTP upgrade for hornetq-remoting protocol handled by http-acceptor acceptor
18:29:01,030 INFO  [org.jboss.messaging] (MSC service thread 1-1) WFLYMSG0016: Registered HTTP upgrade for hornetq-remoting protocol handled by http-acceptor-throughput acceptor
18:29:01,046 WARN  [org.jboss.metadata.parser.jboss.JBossAppMetaDataParser] (MSC service thread 1-6) loader-repository element in jboss-app.xml is deprecated and has been ignored
18:29:01,129 INFO  [org.hornetq.core.server] (ServerService Thread Pool -- 60) HQ221007: Server is now live
18:29:01,129 INFO  [org.hornetq.core.server] (ServerService Thread Pool -- 60) HQ221001: HornetQ Server version 2.4.7.Final (2.4.7.Final, 124) [e26ba6f4-6a6f-11e8-a206-31646050ff22] 
18:29:01,156 INFO  [org.jboss.as.messaging] (ServerService Thread Pool -- 60) WFLYMSG0002: Bound messaging object to jndi name java:/ConnectionFactory
18:29:01,171 INFO  [org.hornetq.core.server] (ServerService Thread Pool -- 64) HQ221003: trying to deploy queue jms.queue.ExpiryQueue
18:29:01,213 INFO  [org.jboss.as.connector.deployment] (MSC service thread 1-8) WFLYJCA0007: Registered connection factory java:/JmsXA
18:29:01,231 INFO  [org.hornetq.core.server] (ServerService Thread Pool -- 65) HQ221003: trying to deploy queue jms.queue.DLQ
18:29:01,235 INFO  [org.hornetq.core.server] (ServerService Thread Pool -- 63) HQ221003: trying to deploy queue jms.queue.UWRTPending
18:29:01,237 INFO  [org.jboss.as.messaging] (ServerService Thread Pool -- 62) WFLYMSG0002: Bound messaging object to jndi name java:jboss/exported/jms/RemoteConnectionFactory
18:29:01,238 INFO  [org.jboss.as.messaging] (ServerService Thread Pool -- 61) WFLYMSG0002: Bound messaging object to jndi name /ApplicationsQueueConnectionFactory
18:29:01,255 INFO  [org.hornetq.ra] (MSC service thread 1-8) HornetQ resource adaptor started
18:29:01,255 INFO  [org.jboss.as.connector.services.resourceadapters.ResourceAdapterActivatorService$ResourceAdapterActivator] (MSC service thread 1-8) IJ020002: Deployed: file://RaActivatorhornetq-ra
18:29:01,271 INFO  [org.jboss.as.connector.deployment] (MSC service thread 1-8) WFLYJCA0002: Bound JCA ConnectionFactory [java:/JmsXA]
18:29:01,272 INFO  [org.jboss.as.messaging] (MSC service thread 1-5) WFLYMSG0002: Bound messaging object to jndi name java:jboss/DefaultJMSConnectionFactory
18:29:10,055 WARN  [org.jboss.as.server.deployment] (MSC service thread 1-6) WFLYSRV0058: Additional resource root /content/UWRT.ear/spring-tx-4.3.3.RELEASE.jar added via jboss-deployment-structure.xml does not exist
18:29:10,056 WARN  [org.jboss.as.server.deployment] (MSC service thread 1-6) WFLYSRV0058: Additional resource root /content/UWRT.ear/spring-retry-1.1.0.RELEASE.jar added via jboss-deployment-structure.xml does not exist
18:29:10,056 WARN  [org.jboss.as.server.deployment] (MSC service thread 1-6) WFLYSRV0058: Additional resource root /content/UWRT.ear/spring-batch-core-3.0.7.RELEASE.jar added via jboss-deployment-structure.xml does not exist
18:29:10,056 WARN  [org.jboss.as.server.deployment] (MSC service thread 1-6) WFLYSRV0058: Additional resource root /content/UWRT.ear/spring-batch-infrastructure-3.0.7.RELEASE.jar added via jboss-deployment-structure.xml does not exist
18:29:10,056 WARN  [org.jboss.as.server.deployment] (MSC service thread 1-6) WFLYSRV0058: Additional resource root /content/UWRT.ear/xstream-1.4.7.jar added via jboss-deployment-structure.xml does not exist
18:29:10,057 WARN  [org.jboss.as.server.deployment] (MSC service thread 1-6) WFLYSRV0058: Additional resource root /content/UWRT.ear/jettison-1.2.jar added via jboss-deployment-structure.xml does not exist
18:29:10,057 WARN  [org.jboss.as.server.deployment] (MSC service thread 1-6) WFLYSRV0058: Additional resource root /content/UWRT.ear/javax.batch-api-1.0.jar added via jboss-deployment-structure.xml does not exist
18:29:10,057 WARN  [org.jboss.as.server.deployment] (MSC service thread 1-6) WFLYSRV0058: Additional resource root /content/UWRT.ear/spring-security-config-3.2.1.RELEASE.jar added via jboss-deployment-structure.xml does not exist
18:29:10,057 WARN  [org.jboss.as.server.deployment] (MSC service thread 1-6) WFLYSRV0058: Additional resource root /content/UWRT.ear/spring-security-saml2-core-1.0.2.RELEASE.jar added via jboss-deployment-structure.xml does not exist
18:29:10,057 WARN  [org.jboss.as.server.deployment] (MSC service thread 1-6) WFLYSRV0058: Additional resource root /content/UWRT.ear/spring-security-web-3.2.1.RELEASE.jar added via jboss-deployment-structure.xml does not exist
18:29:10,058 WARN  [org.jboss.as.server.deployment] (MSC service thread 1-6) WFLYSRV0058: Additional resource root /content/UWRT.ear/spring-security-core-3.2.1.RELEASE.jar added via jboss-deployment-structure.xml does not exist
18:29:10,058 WARN  [org.jboss.as.server.deployment] (MSC service thread 1-6) WFLYSRV0058: Additional resource root /content/UWRT.ear/esapi-2.0.1.jar added via jboss-deployment-structure.xml does not exist
18:29:10,058 WARN  [org.jboss.as.server.deployment] (MSC service thread 1-6) WFLYSRV0058: Additional resource root /content/UWRT.ear/not-yet-commons-ssl-0.3.9.jar added via jboss-deployment-structure.xml does not exist
18:29:10,058 WARN  [org.jboss.as.server.deployment] (MSC service thread 1-6) WFLYSRV0058: Additional resource root /content/UWRT.ear/opensaml-2.6.1.jar added via jboss-deployment-structure.xml does not exist
18:29:10,058 WARN  [org.jboss.as.server.deployment] (MSC service thread 1-6) WFLYSRV0058: Additional resource root /content/UWRT.ear/openws-1.5.1.jar added via jboss-deployment-structure.xml does not exist
18:29:10,058 WARN  [org.jboss.as.server.deployment] (MSC service thread 1-6) WFLYSRV0058: Additional resource root /content/UWRT.ear/serializer-2.7.1.jar added via jboss-deployment-structure.xml does not exist
18:29:10,059 WARN  [org.jboss.as.server.deployment] (MSC service thread 1-6) WFLYSRV0058: Additional resource root /content/UWRT.ear/xalan-2.7.1.jar added via jboss-deployment-structure.xml does not exist
18:29:10,059 WARN  [org.jboss.as.server.deployment] (MSC service thread 1-6) WFLYSRV0058: Additional resource root /content/UWRT.ear/xercesImpl-2.10.0.jar added via jboss-deployment-structure.xml does not exist
